make all --print-data-base --no-builtin-variables --no-builtin-rules --question
# GNU Make 3.81
# Copyright (C) 2006  Free Software Foundation, Inc.
# This is free software; see the source for copying conditions.
# There is NO warranty; not even for MERCHANTABILITY or FITNESS FOR A
# PARTICULAR PURPOSE.

# This program built for i386-apple-darwin11.3.0
 

# Make data base, printed on Fri Aug 12 16:24:14 2022

# Variables

# automatic
<D = $(patsubst %/,%,$(dir $<))
# automatic
?F = $(notdir $?)
# automatic
?D = $(patsubst %/,%,$(dir $?))
# automatic
@D = $(patsubst %/,%,$(dir $@))
# automatic
@F = $(notdir $@)
# makefile
CURDIR := /Users/jakoh/Desktop/philo
# makefile
SHELL = /bin/sh
# environment
VSCODE_NLS_CONFIG = {"locale":"en-gb","availableLanguages":{},"_languagePackSupport":true}
# environment
_ = /usr/bin/make
# makefile (from `Makefile', line 16)
BLUE := \033[0;34m
# makefile (from `Makefile', line 1)
MAKEFILE_LIST :=  Makefile
# makefile (from `Makefile', line 2)
BONUS := bonus
# makefile (from `Makefile', line 8)
OBJS := ./obj/main.o ./obj/init.o ./obj/ft_atoi.o ./obj/utils.o ./obj/main_utils.o ./obj/fork.o ./obj/cycle.o
# environment
VSCODE_CWD = /
# environment
PATH = /usr/local/bin:/usr/bin:/bin:/usr/sbin:/sbin:/usr/local/munki:/Applications/Visual Studio Code.app/Contents/Resources/app/bin
# makefile (from `Makefile', line 4)
SRCS_DIR := ./src
# environment
ELECTRON_RUN_AS_NODE = 1
# default
.FEATURES := target-specific order-only second-expansion else-if archives jobserver check-symlink
# makefile (from `Makefile', line 17)
PURPLE := \033[0;35m
# environment
SSH_AUTH_SOCK = /private/tmp/com.apple.launchd.59k1YQni3q/Listeners
# automatic
%F = $(notdir $%)
# environment
PWD = /Users/jakoh/Desktop/philo
# environment
ORIGINAL_XDG_CURRENT_DESKTOP = undefined
# makefile (from `Makefile', line 15)
GREEN := \033[0;32m
# environment
VSCODE_AMD_ENTRYPOINT = vs/workbench/api/node/extensionHostProcess
# environment
HOME = /Users/jakoh
# default
MAKEFILEPATH := /Applications/Xcode.app/Contents/Developer/Makefiles
# environment
VSCODE_CODE_CACHE_PATH = /Users/jakoh/Library/Application Support/Code/CachedData/3b889b090b5ad5793f524b5d1d39fda662b96a2a
# environment
LOGNAME = jakoh
# environment
APPLICATION_INSIGHTS_NO_DIAGNOSTIC_CHANNEL = true
# environment
VSCODE_HANDLES_UNCAUGHT_ERRORS = true
# automatic
^D = $(patsubst %/,%,$(dir $^))
# environment
XPC_FLAGS = 0x0
# default
MAKE = $(MAKE_COMMAND)
# default
MAKECMDGOALS := all
# makefile (from `Makefile', line 7)
SRCS := main.c init.c ft_atoi.c utils.c main_utils.c fork.c cycle.c
# environment
SHLVL = 1
# makefile (from `Makefile', line 10)
CC := gcc -Wall -Werror -Wextra
# default
MAKE_VERSION := 3.81
# environment
USER = jakoh
# makefile
.DEFAULT_GOAL := all
# makefile (from `Makefile', line 1)
NAME := philo
# automatic
%D = $(patsubst %/,%,$(dir $%))
# default
MAKE_COMMAND := /Applications/Xcode.app/Contents/Developer/usr/bin/make
# makefile (from `Makefile', line 20)
NC := \033[0m
# default
.VARIABLES := 
# environment
TMPDIR = /var/folders/zz/zyxvpxvq6csfxvn_n000cc1r00330f/T/
# automatic
*F = $(notdir $*)
# environment
VSCODE_IPC_HOOK = /Users/jakoh/Library/Application Support/Code/1.69.2-main.sock
# environment
MallocNanoZone = 0
# makefile (from `Makefile', line 14)
RED := \033[0;31m
# makefile
MAKEFLAGS = Rrqp
# environment
MFLAGS = -Rrqp
# automatic
*D = $(patsubst %/,%,$(dir $*))
# environment
XPC_SERVICE_NAME = com.microsoft.VSCode.8420
# makefile (from `Makefile', line 5)
OBJS_DIR := ./obj
# automatic
+D = $(patsubst %/,%,$(dir $+))
# makefile (from `Makefile', line 18)
YELLOW := \033[0;33m
# makefile (from `Makefile', line 19)
CYAN := \033[0;36m
# automatic
+F = $(notdir $+)
# environment
__CF_USER_TEXT_ENCODING = 0x18C0E:0x0:0x2
# default
MAKEFILES := 
# automatic
<F = $(notdir $<)
# environment
LC_ALL = C
# automatic
^F = $(notdir $^)
# default
SUFFIXES := 
# makefile (from `Makefile', line 12)
FLAGS := 
# default
.INCLUDE_DIRS = /usr/local/include
# environment
MAKELEVEL := 0
# environment
LANG = C
# environment
VSCODE_PID = 17385
# variable set hash-table stats:
# Load=71/1024=7%, Rehash=0, Collisions=4/102=4%

# Pattern-specific Variable Values

# No pattern-specific variable values.

# Directories

# . (device 16777228, inode 2520212): 12 files, no impossibilities.
# ./src (device 16777228, inode 2560750): 9 files, no impossibilities so far.
# src (device 16777228, inode 2560750): 9 files, no impossibilities so far.

# 30 files, no impossibilities in 3 directories.

# Implicit Rules

obj/%.o: ./src/%.c
#  commands to execute (from `Makefile', line 36):
	@mkdir -p ${OBJS_DIR}
	@${CC} ${FLAGS} -I includes -c $< -o $@
	

# 1 implicit rules, 0 (0.0%) terminal.

# Files

all: philo
#  Phony target (prerequisite of .PHONY).
#  Command-line target.
#  Implicit rule search has not been done.
#  File does not exist.
#  File has been updated.
#  Successfully updated.
# variable set hash-table stats:
# Load=0/32=0%, Rehash=0, Collisions=0/0=0%

philo: obj/main.o obj/init.o obj/ft_atoi.o obj/utils.o obj/main_utils.o obj/fork.o obj/cycle.o
#  Implicit rule search has not been done.
#  Last modified 2022-08-12 16:24:03
#  File has been updated.
#  Successfully updated.
# variable set hash-table stats:
# Load=0/32=0%, Rehash=0, Collisions=0/0=0%
#  commands to execute (from `Makefile', line 29):
	${CC} ${FLAGS} -I includes ${OBJS} -o $@
	@echo "${GREEN}Philo Compiled Successful."
	

.PHONY: all clean fclean re
#  Implicit rule search has not been done.
#  Modification time never checked.
#  File has not been updated.

# Not a target:
src/main_utils.c:
#  Implicit rule search has been done.
#  Last modified 2022-08-11 19:07:50
#  File has been updated.
#  Successfully updated.
# variable set hash-table stats:
# Load=0/32=0%, Rehash=0, Collisions=0/0=0%

# Not a target:
src/fork.c:
#  Implicit rule search has been done.
#  Last modified 2022-08-11 19:02:31
#  File has been updated.
#  Successfully updated.
# variable set hash-table stats:
# Load=0/32=0%, Rehash=0, Collisions=0/0=0%

obj/main.o: src/main.c
#  Implicit rule search has been done.
#  Implicit/static pattern stem: `main'
#  Last modified 2022-08-12 16:24:03
#  File has been updated.
#  Successfully updated.
# variable set hash-table stats:
# Load=0/32=0%, Rehash=0, Collisions=0/0=0%
#  commands to execute (from `Makefile', line 36):
	@mkdir -p ${OBJS_DIR}
	@${CC} ${FLAGS} -I includes -c $< -o $@
	

# Not a target:
.SUFFIXES:
#  Implicit rule search has not been done.
#  Modification time never checked.
#  File has not been updated.

obj/ft_atoi.o: src/ft_atoi.c
#  Implicit rule search has been done.
#  Implicit/static pattern stem: `ft_atoi'
#  Last modified 2022-08-12 16:24:03
#  File has been updated.
#  Successfully updated.
# variable set hash-table stats:
# Load=0/32=0%, Rehash=0, Collisions=0/0=0%
#  commands to execute (from `Makefile', line 36):
	@mkdir -p ${OBJS_DIR}
	@${CC} ${FLAGS} -I includes -c $< -o $@
	

# Not a target:
Makefile:
#  Implicit rule search has been done.
#  Last modified 2022-08-12 16:23:59
#  File has been updated.
#  Successfully updated.
# variable set hash-table stats:
# Load=0/32=0%, Rehash=0, Collisions=0/0=0%

# Not a target:
src/utils.c:
#  Implicit rule search has been done.
#  Last modified 2022-08-12 16:14:01
#  File has been updated.
#  Successfully updated.
# variable set hash-table stats:
# Load=0/32=0%, Rehash=0, Collisions=0/0=0%

fclean: clean
#  Phony target (prerequisite of .PHONY).
#  Implicit rule search has not been done.
#  File does not exist.
#  File has not been updated.
#  commands to execute (from `Makefile', line 45):
	@rm -rf ${NAME}
	@echo "${RED}Full Cleaned.${NC}"
	

# Not a target:
src/main.c:
#  Implicit rule search has been done.
#  Last modified 2022-08-12 16:23:41
#  File has been updated.
#  Successfully updated.
# variable set hash-table stats:
# Load=0/32=0%, Rehash=0, Collisions=0/0=0%

# Not a target:
src/ft_atoi.c:
#  Implicit rule search has been done.
#  Last modified 2022-08-11 19:09:43
#  File has been updated.
#  Successfully updated.
# variable set hash-table stats:
# Load=0/32=0%, Rehash=0, Collisions=0/0=0%

# Not a target:
.DEFAULT:
#  Implicit rule search has not been done.
#  Modification time never checked.
#  File has not been updated.

re: fclean all
#  Phony target (prerequisite of .PHONY).
#  Implicit rule search has not been done.
#  File does not exist.
#  File has not been updated.

clean:
#  Phony target (prerequisite of .PHONY).
#  Implicit rule search has not been done.
 
#  File does not exist.
#  File has not been updated.
#  commands to execute (from `Makefile', line 41):
	@rm -rf ${OBJS_DIR}
	@echo "${YELLOW}Cleaned.${NC}"
	

obj/init.o: src/init.c
#  Implicit rule search has been done.
#  Implicit/static pattern stem: `init'
#  Last modified 2022-08-12 16:24:03
#  File has been updated.
#  Successfully updated.
# variable set hash-table stats:
# Load=0/32=0%, Rehash=0, Collisions=0/0=0%
#  commands to execute (from `Makefile', line 36):
	@mkdir -p ${OBJS_DIR}
	@${CC} ${FLAGS} -I includes -c $< -o $@
	

obj/cycle.o: src/cycle.c
#  Implicit rule search has been done.
#  Implicit/static pattern stem: `cycle'
#  Last modified 2022-08-12 16:24:03
#  File has been updated.
#  Successfully updated.
# variable set hash-table stats:
# Load=0/32=0%, Rehash=0, Collisions=0/0=0%
#  commands to execute (from `Makefile', line 36):
	@mkdir -p ${OBJS_DIR}
	@${CC} ${FLAGS} -I includes -c $< -o $@
	

obj/utils.o: src/utils.c
#  Implicit rule search has been done.
#  Implicit/static pattern stem: `utils'
#  Last modified 2022-08-12 16:24:03
#  File has been updated.
#  Successfully updated.
# variable set hash-table stats:
# Load=0/32=0%, Rehash=0, Collisions=0/0=0%
#  commands to execute (from `Makefile', line 36):
	@mkdir -p ${OBJS_DIR}
	@${CC} ${FLAGS} -I includes -c $< -o $@
	

obj/main_utils.o: src/main_utils.c
#  Implicit rule search has been done.
#  Implicit/static pattern stem: `main_utils'
#  Last modified 2022-08-12 16:24:03
#  File has been updated.
#  Successfully updated.
# variable set hash-table stats:
# Load=0/32=0%, Rehash=0, Collisions=0/0=0%
#  commands to execute (from `Makefile', line 36):
	@mkdir -p ${OBJS_DIR}
	@${CC} ${FLAGS} -I includes -c $< -o $@
	

obj/fork.o: src/fork.c
#  Implicit rule search has been done.
#  Implicit/static pattern stem: `fork'
#  Last modified 2022-08-12 16:24:03
#  File has been updated.
#  Successfully updated.
# variable set hash-table stats:
# Load=0/32=0%, Rehash=0, Collisions=0/0=0%
#  commands to execute (from `Makefile', line 36):
	@mkdir -p ${OBJS_DIR}
	@${CC} ${FLAGS} -I includes -c $< -o $@
	

# Not a target:
src/init.c:
#  Implicit rule search has been done.
#  Last modified 2022-08-11 19:08:09
#  File has been updated.
#  Successfully updated.
# variable set hash-table stats:
# Load=0/32=0%, Rehash=0, Collisions=0/0=0%

# Not a target:
src/cycle.c:
#  Implicit rule search has been done.
#  Last modified 2022-08-12 13:34:47
#  File has been updated.
#  Successfully updated.
# variable set hash-table stats:
# Load=0/32=0%, Rehash=0, Collisions=0/0=0%

# files hash-table stats:
# Load=23/1024=2%, Rehash=0, Collisions=5/72=7%
# VPATH Search Paths

# No `vpath' search paths.

# No general (`VPATH' variable) search path.

# # of strings in strcache: 1
# # of strcache buffers: 1
# strcache size: total = 4096 / max = 4096 / min = 4096 / avg = 4096
# strcache free: total = 4087 / max = 4087 / min = 4087 / avg = 4087

# Finished Make data base on Fri Aug 12 16:24:14 2022

 
